app/build/outputs/logs/manifest-merger-debug-report.txt
-- Merging decision tree log ---
manifest
ADDED from src\main\AndroidManifest.xml:20:1-213:12
	package
		ADDED from src\main\AndroidManifest.xml:22:5-31
		INJECTED from src\main\AndroidManifest.xml
		INJECTED from src\main\AndroidManifest.xml
	xmlns:android
		ADDED from src\main\AndroidManifest.xml:21:5-63
uses-sdk
ADDED from src\main\AndroidManifest.xml:24:5-73
MERGED from [com.android.support:support-v4:24.2.1] AndroidManifest.xml:21:5-23:54
MERGED from [com.android.support:support-fragment:24.2.1] AndroidManifest.xml:21:5-23:60
MERGED from [com.android.support:support-media-compat:24.2.1] AndroidManifest.xml:21:5-23:63
MERGED from [com.android.support:support-core-ui:24.2.1] AndroidManifest.xml:21:5-23:58
MERGED from [com.android.support:support-core-utils:24.2.1] AndroidManifest.xml:21:5-23:61
MERGED from [com.android.support:support-compat:24.2.1] AndroidManifest.xml:21:5-23:58
	tools:overrideLibrary
		ADDED from [com.android.support:support-v4:24.2.1] AndroidManifest.xml:23:9-51
	android:targetSdkVersion
		ADDED from src\main\AndroidManifest.xml:24:42-71
		INJECTED from src\main\AndroidManifest.xml
		INJECTED from src\main\AndroidManifest.xml
	android:minSdkVersion
		ADDED from src\main\AndroidManifest.xml:24:15-41
		INJECTED from src\main\AndroidManifest.xml
		INJECTED from src\main\AndroidManifest.xml
permission#com.xhr.launcher.permission.PRELOAD_WORKSPACE
ADDED from src\main\AndroidManifest.xml:26:5-29:55
	android:protectionLevel
		ADDED from src\main\AndroidManifest.xml:29:9-52
	android:permissionGroup
		ADDED from src\main\AndroidManifest.xml:28:9-72
	android:name
		ADDED from src\main\AndroidManifest.xml:27:9-69
permission#com.android.launcher.permission.INSTALL_SHORTCUT
ADDED from src\main\AndroidManifest.xml:30:5-35:67
	android:label
		ADDED from src\main\AndroidManifest.xml:34:9-57
	android:protectionLevel
		ADDED from src\main\AndroidManifest.xml:33:9-44
	android:permissionGroup
		ADDED from src\main\AndroidManifest.xml:32:9-72
	android:description
		ADDED from src\main\AndroidManifest.xml:35:9-64
	android:name
		ADDED from src\main\AndroidManifest.xml:31:9-72
permission#com.android.launcher.permission.UNINSTALL_SHORTCUT
ADDED from src\main\AndroidManifest.xml:36:5-41:68
	android:label
		ADDED from src\main\AndroidManifest.xml:40:9-59
	android:protectionLevel
		ADDED from src\main\AndroidManifest.xml:39:9-44
	android:permissionGroup
		ADDED from src\main\AndroidManifest.xml:38:9-72
	android:description
		ADDED from src\main\AndroidManifest.xml:41:9-66
	android:name
		ADDED from src\main\AndroidManifest.xml:37:9-74
permission#com.xhr.launcher.permission.READ_SETTINGS
ADDED from src\main\AndroidManifest.xml:42:5-47:63
	android:label
		ADDED from src\main\AndroidManifest.xml:46:9-54
	android:protectionLevel
		ADDED from src\main\AndroidManifest.xml:45:9-41
	android:permissionGroup
		ADDED from src\main\AndroidManifest.xml:44:9-72
	android:description
		ADDED from src\main\AndroidManifest.xml:47:9-61
	android:name
		ADDED from src\main\AndroidManifest.xml:43:9-65
permission#com.xhr.launcher.permission.WRITE_SETTINGS
ADDED from src\main\AndroidManifest.xml:48:5-53:64
	android:label
		ADDED from src\main\AndroidManifest.xml:52:9-55
	android:protectionLevel
		ADDED from src\main\AndroidManifest.xml:51:9-41
	android:permissionGroup
		ADDED from src\main\AndroidManifest.xml:50:9-72
	android:description
		ADDED from src\main\AndroidManifest.xml:53:9-62
	android:name
		ADDED from src\main\AndroidManifest.xml:49:9-66
permission#com.xhr.launcher.permission.RECEIVE_LAUNCH_BROADCASTS
ADDED from src\main\AndroidManifest.xml:55:5-58:11
	android:protectionLevel
		ADDED from src\main\AndroidManifest.xml:57:9-44
	android:name
		ADDED from src\main\AndroidManifest.xml:56:9-77
uses-permission#android.permission.CALL_PHONE
ADDED from src\main\AndroidManifest.xml:60:5-69
	android:name
		ADDED from src\main\AndroidManifest.xml:60:22-66
uses-permission#android.permission.SET_WALLPAPER
ADDED from src\main\AndroidManifest.xml:61:5-72
	android:name
		ADDED from src\main\AndroidManifest.xml:61:22-69
uses-permission#android.permission.SET_WALLPAPER_HINTS
ADDED from src\main\AndroidManifest.xml:62:5-78
	android:name
		ADDED from src\main\AndroidManifest.xml:62:22-75
uses-permission#android.permission.VIBRATE
ADDED from src\main\AndroidManifest.xml:63:5-66
	android:name
		ADDED from src\main\AndroidManifest.xml:63:22-63
uses-permission#android.permission.BIND_APPWIDGET
ADDED from src\main\AndroidManifest.xml:64:5-73
	android:name
		ADDED from src\main\AndroidManifest.xml:64:22-70
uses-permission#android.permission.GET_ACCOUNTS
ADDED from src\main\AndroidManifest.xml:65:5-71
	android:name
		ADDED from src\main\AndroidManifest.xml:65:22-68
uses-permission#android.permission.READ_EXTERNAL_STORAGE
ADDED from src\main\AndroidManifest.xml:66:5-80
	android:name
		ADDED from src\main\AndroidManifest.xml:66:22-77
uses-permission#com.android.launcher.permission.READ_SETTINGS
ADDED from src\main\AndroidManifest.xml:67:5-85
	android:name
		ADDED from src\main\AndroidManifest.xml:67:22-82
uses-permission#com.android.launcher.permission.WRITE_SETTINGS
ADDED from src\main\AndroidManifest.xml:68:5-86
	android:name
		ADDED from src\main\AndroidManifest.xml:68:22-83
uses-permission#com.xhr.launcher.permission.READ_SETTINGS
ADDED from src\main\AndroidManifest.xml:69:5-81
	android:name
		ADDED from src\main\AndroidManifest.xml:69:22-78
uses-permission#com.xhr.launcher.permission.WRITE_SETTINGS
ADDED from src\main\AndroidManifest.xml:70:5-82
	android:name
		ADDED from src\main\AndroidManifest.xml:70:22-79
uses-permission#com.xhr.launcher.permission.RECEIVE_LAUNCH_BROADCASTS
ADDED from src\main\AndroidManifest.xml:71:5-93
	android:name
		ADDED from src\main\AndroidManifest.xml:71:22-90
application
ADDED from src\main\AndroidManifest.xml:73:5-212:19
MERGED from [com.android.support:support-v4:24.2.1] AndroidManifest.xml:25:5-20
MERGED from [com.android.support:support-fragment:24.2.1] AndroidManifest.xml:25:5-20
MERGED from [com.android.support:support-media-compat:24.2.1] AndroidManifest.xml:25:5-20
MERGED from [com.android.support:support-core-ui:24.2.1] AndroidManifest.xml:25:5-20
MERGED from [com.android.support:support-core-utils:24.2.1] AndroidManifest.xml:25:5-20
MERGED from [com.android.support:support-compat:24.2.1] AndroidManifest.xml:25:5-20
	android:label
		ADDED from src\main\AndroidManifest.xml:75:9-49
	android:supportsRtl
		ADDED from src\main\AndroidManifest.xml:79:9-35
	android:hardwareAccelerated
		ADDED from src\main\AndroidManifest.xml:77:9-43
	android:icon
		ADDED from src\main\AndroidManifest.xml:76:9-48
	android:largeHeap
		ADDED from src\main\AndroidManifest.xml:78:9-51
	android:name
		ADDED from src\main\AndroidManifest.xml:74:9-60
activity#com.xhr.launcher.Launcher
ADDED from src\main\AndroidManifest.xml:80:9-95:20
	android:clearTaskOnLaunch
		ADDED from src\main\AndroidManifest.xml:83:13-45
	android:screenOrientation
		ADDED from src\main\AndroidManifest.xml:87:13-49
	android:stateNotNeeded
		ADDED from src\main\AndroidManifest.xml:84:13-42
	android:launchMode
		ADDED from src\main\AndroidManifest.xml:82:13-44
	android:windowSoftInputMode
		ADDED from src\main\AndroidManifest.xml:86:13-52
	android:theme
		ADDED from src\main\AndroidManifest.xml:85:13-41
	android:name
		ADDED from src\main\AndroidManifest.xml:81:13-53
intent-filter#android.intent.action.MAIN+android.intent.category.DEFAULT+android.intent.category.HOME+android.intent.category.LAUNCHER+android.intent.category.MONKEY
ADDED from src\main\AndroidManifest.xml:88:13-94:29
action#android.intent.action.MAIN
ADDED from src\main\AndroidManifest.xml:89:17-69
	android:name
		ADDED from src\main\AndroidManifest.xml:89:25-66
category#android.intent.category.HOME
ADDED from src\main\AndroidManifest.xml:90:17-73
	android:name
		ADDED from src\main\AndroidManifest.xml:90:27-70
category#android.intent.category.LAUNCHER
ADDED from src\main\AndroidManifest.xml:91:17-77
	android:name
		ADDED from src\main\AndroidManifest.xml:91:27-74
category#android.intent.category.DEFAULT
ADDED from src\main\AndroidManifest.xml:92:17-76
	android:name
		ADDED from src\main\AndroidManifest.xml:92:27-73
category#android.intent.category.MONKEY
ADDED from src\main\AndroidManifest.xml:93:17-74
	android:name
		ADDED from src\main\AndroidManifest.xml:93:27-72
activity#com.xhr.launcher.ToggleWeightWatcher
ADDED from src\main\AndroidManifest.xml:97:9-107:20
	android:enabled
		ADDED from src\main\AndroidManifest.xml:100:13-57
	android:label
		ADDED from src\main\AndroidManifest.xml:99:13-58
	android:icon
		ADDED from src\main\AndroidManifest.xml:101:13-52
	android:name
		ADDED from src\main\AndroidManifest.xml:98:13-64
intent-filter#android.intent.action.MAIN+android.intent.category.DEFAULT+android.intent.category.LAUNCHER
ADDED from src\main\AndroidManifest.xml:102:13-106:29
activity#com.xhr.launcher.WallpaperPickerActivity
ADDED from src\main\AndroidManifest.xml:109:9-120:20
	android:finishOnCloseSystemDialogs
		ADDED from src\main\AndroidManifest.xml:114:13-54
	android:process
		ADDED from src\main\AndroidManifest.xml:115:13-49
	android:label
		ADDED from src\main\AndroidManifest.xml:112:13-51
	android:icon
		ADDED from src\main\AndroidManifest.xml:113:13-57
	android:theme
		ADDED from src\main\AndroidManifest.xml:111:13-58
	android:name
		ADDED from src\main\AndroidManifest.xml:110:13-68
intent-filter#android.intent.action.SET_WALLPAPER+android.intent.category.DEFAULT
ADDED from src\main\AndroidManifest.xml:116:13-119:29
action#android.intent.action.SET_WALLPAPER
ADDED from src\main\AndroidManifest.xml:117:17-78
	android:name
		ADDED from src\main\AndroidManifest.xml:117:25-75
activity#com.xhr.launcher.WallpaperCropActivity
ADDED from src\main\AndroidManifest.xml:122:9-134:20
	android:finishOnCloseSystemDialogs
		ADDED from src\main\AndroidManifest.xml:127:13-54
	android:process
		ADDED from src\main\AndroidManifest.xml:128:13-49
	android:label
		ADDED from src\main\AndroidManifest.xml:125:13-51
	android:icon
		ADDED from src\main\AndroidManifest.xml:126:13-57
	android:theme
		ADDED from src\main\AndroidManifest.xml:124:13-58
	android:name
		ADDED from src\main\AndroidManifest.xml:123:13-66
intent-filter#android.intent.category.DEFAULT+android.service.wallpaper.CROP_AND_SET_WALLPAPER
ADDED from src\main\AndroidManifest.xml:129:13-133:29
action#android.service.wallpaper.CROP_AND_SET_WALLPAPER
ADDED from src\main\AndroidManifest.xml:130:17-91
	android:name
		ADDED from src\main\AndroidManifest.xml:130:25-88
data
ADDED from src\main\AndroidManifest.xml:132:17-52
	android:mimeType
		ADDED from src\main\AndroidManifest.xml:132:23-49
activity#com.xhr.launcher.MemoryDumpActivity
ADDED from src\main\AndroidManifest.xml:137:9-150:20
	android:enabled
		ADDED from src\main\AndroidManifest.xml:141:13-57
	android:label
		ADDED from src\main\AndroidManifest.xml:140:13-58
	android:excludeFromRecents
		ADDED from src\main\AndroidManifest.xml:142:13-46
	android:icon
		ADDED from src\main\AndroidManifest.xml:143:13-52
	android:theme
		ADDED from src\main\AndroidManifest.xml:139:13-59
	android:name
		ADDED from src\main\AndroidManifest.xml:138:13-63
service#com.xhr.launcher.MemoryTracker
ADDED from src\main\AndroidManifest.xml:152:9-155:19
	android:enabled
		ADDED from src\main\AndroidManifest.xml:153:13-57
	android:name
		ADDED from src\main\AndroidManifest.xml:152:18-63
receiver#com.xhr.launcher.PreloadReceiver
ADDED from src\main\AndroidManifest.xml:158:9-164:20
	android:permission
		ADDED from src\main\AndroidManifest.xml:160:13-79
	android:name
		ADDED from src\main\AndroidManifest.xml:159:13-60
intent-filter#com.xhr.launcher.action.PRELOAD_WORKSPACE
ADDED from src\main\AndroidManifest.xml:161:13-163:29
action#com.xhr.launcher.action.PRELOAD_WORKSPACE
ADDED from src\main\AndroidManifest.xml:162:17-84
	android:name
		ADDED from src\main\AndroidManifest.xml:162:25-81
receiver#com.xhr.launcher.InstallShortcutReceiver
ADDED from src\main\AndroidManifest.xml:167:9-173:20
	android:permission
		ADDED from src\main\AndroidManifest.xml:169:13-78
	android:name
		ADDED from src\main\AndroidManifest.xml:168:13-68
intent-filter#com.xhr.launcher.action.INSTALL_SHORTCUT
ADDED from src\main\AndroidManifest.xml:170:13-172:29
action#com.xhr.launcher.action.INSTALL_SHORTCUT
ADDED from src\main\AndroidManifest.xml:171:17-83
	android:name
		ADDED from src\main\AndroidManifest.xml:171:25-80
receiver#com.xhr.launcher.UninstallShortcutReceiver
ADDED from src\main\AndroidManifest.xml:176:9-182:20
	android:permission
		ADDED from src\main\AndroidManifest.xml:178:13-80
	android:name
		ADDED from src\main\AndroidManifest.xml:177:13-70
intent-filter#com.xhr.launcher.action.UNINSTALL_SHORTCUT
ADDED from src\main\AndroidManifest.xml:179:13-181:29
action#com.xhr.launcher.action.UNINSTALL_SHORTCUT
ADDED from src\main\AndroidManifest.xml:180:17-85
	android:name
		ADDED from src\main\AndroidManifest.xml:180:25-82
receiver#com.xhr.launcher.UserInitializeReceiver
ADDED from src\main\AndroidManifest.xml:185:9-191:20
	android:exported
		ADDED from src\main\AndroidManifest.xml:187:13-37
	android:name
		ADDED from src\main\AndroidManifest.xml:186:13-67
intent-filter#android.intent.action.USER_INITIALIZE
ADDED from src\main\AndroidManifest.xml:188:13-190:29
action#android.intent.action.USER_INITIALIZE
ADDED from src\main\AndroidManifest.xml:189:17-80
	android:name
		ADDED from src\main\AndroidManifest.xml:189:25-77
receiver#com.xhr.launcher.PackageChangedReceiver
ADDED from src\main\AndroidManifest.xml:193:9-200:20
	android:name
		ADDED from src\main\AndroidManifest.xml:193:19-73
intent-filter#android.intent.action.PACKAGE_CHANGED+android.intent.action.PACKAGE_REMOVED+android.intent.action.PACKAGE_REPLACED
ADDED from src\main\AndroidManifest.xml:194:13-199:29
action#android.intent.action.PACKAGE_CHANGED
ADDED from src\main\AndroidManifest.xml:195:17-79
	android:name
		ADDED from src\main\AndroidManifest.xml:195:25-77
action#android.intent.action.PACKAGE_REPLACED
ADDED from src\main\AndroidManifest.xml:196:17-80
	android:name
		ADDED from src\main\AndroidManifest.xml:196:25-78
action#android.intent.action.PACKAGE_REMOVED
ADDED from src\main\AndroidManifest.xml:197:17-79
	android:name
		ADDED from src\main\AndroidManifest.xml:197:25-77
provider#com.xhr.launcher.LauncherProvider
ADDED from src\main\AndroidManifest.xml:203:9-208:82
	android:readPermission
		ADDED from src\main\AndroidManifest.xml:208:13-79
	android:authorities
		ADDED from src\main\AndroidManifest.xml:205:13-60
	android:exported
		ADDED from src\main\AndroidManifest.xml:206:13-36
	android:name
		ADDED from src\main\AndroidManifest.xml:204:13-61
	android:writePermission
		ADDED from src\main\AndroidManifest.xml:207:13-81
meta-data#android.nfc.disable_beam_default
ADDED from src\main\AndroidManifest.xml:210:9-211:47
	android:value
		ADDED from src\main\AndroidManifest.xml:211:24-44
	android:name
		ADDED from src\main\AndroidManifest.xml:210:20-67